开始自动日志消息堆栈 C 迭代 3。	[MsgId: MMSG-10545]
正在开始操作 Action。	[MsgId: MMSG-15919]
Action.c(4): 通知: 事务 "test1" 已启动。	[MsgId: MMSG-16999]
Action.c(6): 错误 -27796: 连接服务器“jwzx.cqupt.edu.cn:80”失败: “[10061] 连接被拒绝”  	[MsgId: MERR-27796]
结束自动日志消息堆栈。	[MsgId: MMSG-10544]


开始自动日志消息堆栈 C 迭代 11。	[MsgId: MMSG-10545]
Action.c(6): 在 HTML“http://jwzx.cqupt.edu.cn/index.php”中找到资源“http://jwzx.cqupt.edu.cn/sysPic/jpkc.jpg”  	[MsgId: MMSG-26659]
Action.c(6): 在 HTML“http://jwzx.cqupt.edu.cn/index.php”中找到资源“http://jwzx.cqupt.edu.cn/sysPic/sous.jpg”  	[MsgId: MMSG-26659]
Action.c(6): 在 HTML“http://jwzx.cqupt.edu.cn/index.php”中找到资源“http://jwzx.cqupt.edu.cn/sysPic/upload.jpg”  	[MsgId: MMSG-26659]
Action.c(6): 在 HTML“http://jwzx.cqupt.edu.cn/index.php”中找到资源“http://jwzx.cqupt.edu.cn/depart/jgsz.jpg”  	[MsgId: MMSG-26659]
Action.c(6): 在 HTML“http://jwzx.cqupt.edu.cn/index.php”中找到资源“http://jwzx.cqupt.edu.cn/syspic/home_r13_c5.gif”  	[MsgId: MMSG-26659]
Action.c(6): 错误 -27727: 下载资源时步骤下载超时 (120 seconds) 已过期。请将“由资源引起的步骤超时是警告”运行时设置设置为是/否以将此消息分别作为警告/错误显示  	[MsgId: MERR-27727]
结束自动日志消息堆栈。	[MsgId: MMSG-10544]


开始自动日志消息堆栈 C 迭代 9。	[MsgId: MMSG-10545]
Action.c(6): 在 HTML“http://jwzx.cqupt.edu.cn/index.php”中找到资源“http://jwzx.cqupt.edu.cn/sysPic/jpkc.jpg”  	[MsgId: MMSG-26659]
Action.c(6): 在 HTML“http://jwzx.cqupt.edu.cn/index.php”中找到资源“http://jwzx.cqupt.edu.cn/sysPic/sous.jpg”  	[MsgId: MMSG-26659]
Action.c(6): 在 HTML“http://jwzx.cqupt.edu.cn/index.php”中找到资源“http://jwzx.cqupt.edu.cn/sysPic/upload.jpg”  	[MsgId: MMSG-26659]
Action.c(6): 在 HTML“http://jwzx.cqupt.edu.cn/index.php”中找到资源“http://jwzx.cqupt.edu.cn/depart/jgsz.jpg”  	[MsgId: MMSG-26659]
Action.c(6): 在 HTML“http://jwzx.cqupt.edu.cn/index.php”中找到资源“http://jwzx.cqupt.edu.cn/syspic/home_r13_c5.gif”  	[MsgId: MMSG-26659]
Action.c(6): web_url("index.php") 已成功，835171 个正文字节，4588 个标头字节，28 个成块开销字节  	[MsgId: MMSG-26385]
Action.c(15): 错误 -27727: 下载资源时步骤下载超时 (120 seconds) 已过期。请将“由资源引起的步骤超时是警告”运行时设置设置为是/否以将此消息分别作为警告/错误显示  	[MsgId: MERR-27727]
结束自动日志消息堆栈。	[MsgId: MMSG-10544]


开始自动日志消息堆栈 C 迭代 20。	[MsgId: MMSG-10545]
开始自动日志消息堆栈 C 迭代 14。	[MsgId: MMSG-10545]
正在开始操作 Action。	[MsgId: MMSG-15919]
Action.c(4): 通知: 事务 "test1" 已启动。	[MsgId: MMSG-16999]
Action.c(6): 错误 -27796: 连接服务器“jwzx.cqupt.edu.cn:80”失败: “[10060] 连接已超时”  	[MsgId: MERR-27796]
正在开始操作 Action。	[MsgId: MMSG-15919]
Action.c(4): 通知: 事务 "test1" 已启动。	[MsgId: MMSG-16999]
Action.c(6): 错误 -27796: 连接服务器“jwzx.cqupt.edu.cn:80”失败: “[10061] 连接被拒绝”  	[MsgId: MERR-27796]
结束自动日志消息堆栈。	[MsgId: MMSG-10544]
结束自动日志消息堆栈。	[MsgId: MMSG-10544]




开始自动日志消息堆栈 C 迭代 12。	[MsgId: MMSG-10545]
Action.c(55): 正在下载资源“http://jwzx.cqupt.edu.cn/jwzxtmp/data/json_studentList.php?dirId=&page=1&rows=20”(由参数编号 39 指定)  	[MsgId: MMSG-26577]
Action.c(55): 正在下载资源“http://jwzx.cqupt.edu.cn/jwzxtmp/images/icons/grid.png”(由参数编号 42 指定)  	[MsgId: MMSG-26577]
Action.c(55): 正在下载资源“http://jwzx.cqupt.edu.cn/jwzxtmp/data/json_studentList.php?dirId=&searchKey=2015214019&page=1&rows=20”(由参数编号 45 指定)  	[MsgId: MMSG-26577]
Action.c(55): web_url("pubStuKebiao.php") 已成功，586342 个正文字节，4707 个标头字节  	[MsgId: MMSG-26386]
Action.c(78): 正在重定向 "http://jwzx.cqupt.edu.cn/jwzxtmp/showKebiao.php?type=student&id=2015214019" (重定向深度为 0)  	[MsgId: MMSG-26694]
Action.c(78): 目标位置“http://jwzx.cqupt.edu.cn/jwzxtmp/kebiao.php”  	[MsgId: MMSG-26693]
Action.c(78): 错误 -27796: 连接服务器“jwzx.cqupt.edu.cn:80”失败: “[10061] 连接被拒绝”  	[MsgId: MERR-27796]
结束自动日志消息堆栈。	[MsgId: MMSG-10544]


开始自动日志消息堆栈 C 迭代 15。	[MsgId: MMSG-10545]
Action.c(55): 正在下载资源“http://jwzx.cqupt.edu.cn/jwzxtmp/js/jquery-easyui-1.5/themes/metro/images/pagination_icons.png”(由参数编号 33 指定)  	[MsgId: MMSG-26577]
Action.c(55): 正在下载资源“http://jwzx.cqupt.edu.cn/jwzxtmp/js/jquery-easyui-1.5/themes/metro/images/loading.gif”(由参数编号 36 指定)  	[MsgId: MMSG-26577]
Action.c(55): 正在下载资源“http://jwzx.cqupt.edu.cn/jwzxtmp/data/json_studentList.php?dirId=&page=1&rows=20”(由参数编号 39 指定)  	[MsgId: MMSG-26577]
Action.c(55): 正在下载资源“http://jwzx.cqupt.edu.cn/jwzxtmp/images/icons/grid.png”(由参数编号 42 指定)  	[MsgId: MMSG-26577]
Action.c(55): 正在下载资源“http://jwzx.cqupt.edu.cn/jwzxtmp/data/json_studentList.php?dirId=&searchKey=2015214019&page=1&rows=20”(由参数编号 45 指定)  	[MsgId: MMSG-26577]
Action.c(55): 错误 -27727: 下载资源时步骤下载超时 (120 seconds) 已过期。请将“由资源引起的步骤超时是警告”运行时设置设置为是/否以将此消息分别作为警告/错误显示  	[MsgId: MERR-27727]
结束自动日志消息堆栈。	[MsgId: MMSG-10544]


开始自动日志消息堆栈 C 迭代 16。	[MsgId: MMSG-10545]
Action.c(78): 正在下载资源“http://jwzx.cqupt.edu.cn/jwzxtmp/jqUI/smoothness/images/ui-bg_glass_75_dadada_1x400.png”(由参数编号 27 指定)  	[MsgId: MMSG-26577]
Action.c(78): 正在下载资源“http://jwzx.cqupt.edu.cn/jwzxtmp/jqUI/smoothness/images/ui-icons_454545_256x240.png”(由参数编号 30 指定)  	[MsgId: MMSG-26577]
Action.c(78): 资源“http://jwzx.cqupt.edu.cn/jwzxtmp/images/room.png”已在缓存中，不会再次下载  	[MsgId: MMSG-26655]
Action.c(78): 在 HTML“http://jwzx.cqupt.edu.cn/jwzxtmp/kebiao.php”中找到资源“http://jwzx.cqupt.edu.cn/jwzxtmp/images/large-loading.gif”  	[MsgId: MMSG-26659]
Action.c(78): 在 HTML“http://jwzx.cqupt.edu.cn/jwzxtmp/kebiao.php”中找到资源“http://jwzx.cqupt.edu.cn/jwzxtmp/images/icons/page_white_excel.png”  	[MsgId: MMSG-26659]
Action.c(78): 错误 -27727: 下载资源时步骤下载超时 (120 seconds) 已过期。请将“由资源引起的步骤超时是警告”运行时设置设置为是/否以将此消息分别作为警告/错误显示  	[MsgId: MERR-27727]
结束自动日志消息堆栈。	[MsgId: MMSG-10544]


