开始自动日志消息堆栈 C 迭代 1。	[MsgId: MMSG-10545]
正在开始操作 Action。	[MsgId: MMSG-15919]
Action.c(4): 注册 web_reg_save_param_ex 成功  	[MsgId: MMSG-26390]
Action.c(11): 注册 web_reg_find 成功  	[MsgId: MMSG-26390]
Action.c(14): 错误 -27796: 连接服务器“127.0.0.1:1080”失败: “[10061] 连接被拒绝”  	[MsgId: MERR-27796]
结束自动日志消息堆栈。	[MsgId: MMSG-10544]


开始自动日志消息堆栈 C 迭代 1。	[MsgId: MMSG-10545]
Action.c(14): 警告 -26000: Empty or no response for URL="http://127.0.0.1:1080/WebTours/"  	[MsgId: MWAR-26000]
Action.c(14): 错误 -26377: 找不到所请求参数“login”的匹配项。请检查响应数据中是否存在请求的边界。此外，如果要保存的数据超过 256 字节，请使用 web_set_max_html_param_len 增加参数大小  	[MsgId: MERR-26377]
Action.c(14): 错误 -26366: 找不到 web_reg_find 的“Text=Web Tours”  	[MsgId: MERR-26366]
Action.c(14): 错误 -26374: 以上“找不到”错误可由分别为 0 和 0 的标头和正文字节计数来解释。  	[MsgId: MERR-26374]
结束自动日志消息堆栈。	[MsgId: MMSG-10544]


开始自动日志消息堆栈 C 迭代 1。	[MsgId: MMSG-10545]
开始自动日志消息堆栈 C 迭代 1。	[MsgId: MMSG-10545]
正在开始操作 Action。	[MsgId: MMSG-15919]
正在开始操作 Action。	[MsgId: MMSG-15919]
Action.c(4): 注册 web_reg_save_param_ex 成功  	[MsgId: MMSG-26390]
Action.c(11): 注册 web_reg_find 成功  	[MsgId: MMSG-26390]
Action.c(14): 错误 -27796: 连接服务器“127.0.0.1:1080”失败: “[10061] 连接被拒绝”  	[MsgId: MERR-27796]
Action.c(4): 注册 web_reg_save_param_ex 成功  	[MsgId: MMSG-26390]
Action.c(11): 注册 web_reg_find 成功  	[MsgId: MMSG-26390]
结束自动日志消息堆栈。	[MsgId: MMSG-10544]


开始自动日志消息堆栈 C 迭代 1。	[MsgId: MMSG-10545]
Action.c(14): 警告 -26000: Empty or no response for URL="http://127.0.0.1:1080/WebTours/"  	[MsgId: MWAR-26000]
Action.c(14): 错误 -26377: 找不到所请求参数“login”的匹配项。请检查响应数据中是否存在请求的边界。此外，如果要保存的数据超过 256 字节，请使用 web_set_max_html_param_len 增加参数大小  	[MsgId: MERR-26377]
Action.c(14): 错误 -26366: 找不到 web_reg_find 的“Text=Web Tours”  	[MsgId: MERR-26366]
Action.c(14): 错误 -26374: 以上“找不到”错误可由分别为 0 和 0 的标头和正文字节计数来解释。  	[MsgId: MERR-26374]
结束自动日志消息堆栈。	[MsgId: MMSG-10544]


Action.c(14): 错误 -27796: 连接服务器“127.0.0.1:1080”失败: “[10061] 连接被拒绝”  	[MsgId: MERR-27796]
结束自动日志消息堆栈。	[MsgId: MMSG-10544]


开始自动日志消息堆栈 C 迭代 1。	[MsgId: MMSG-10545]
Action.c(14): 警告 -26000: Empty or no response for URL="http://127.0.0.1:1080/WebTours/"  	[MsgId: MWAR-26000]
Action.c(14): 错误 -26377: 找不到所请求参数“login”的匹配项。请检查响应数据中是否存在请求的边界。此外，如果要保存的数据超过 256 字节，请使用 web_set_max_html_param_len 增加参数大小  	[MsgId: MERR-26377]
Action.c(14): 错误 -26366: 找不到 web_reg_find 的“Text=Web Tours”  	[MsgId: MERR-26366]
Action.c(14): 错误 -26374: 以上“找不到”错误可由分别为 0 和 0 的标头和正文字节计数来解释。  	[MsgId: MERR-26374]
结束自动日志消息堆栈。	[MsgId: MMSG-10544]


开始自动日志消息堆栈 C 迭代 1。	[MsgId: MMSG-10545]
正在开始操作 Action。	[MsgId: MMSG-15919]
Action.c(4): 注册 web_reg_save_param_ex 成功  	[MsgId: MMSG-26390]
Action.c(11): 注册 web_reg_find 成功  	[MsgId: MMSG-26390]
Action.c(14): 错误 -27796: 连接服务器“127.0.0.1:1080”失败: “[10061] 连接被拒绝”  	[MsgId: MERR-27796]
结束自动日志消息堆栈。	[MsgId: MMSG-10544]


开始自动日志消息堆栈 C 迭代 1。	[MsgId: MMSG-10545]
Action.c(14): 警告 -26000: Empty or no response for URL="http://127.0.0.1:1080/WebTours/"  	[MsgId: MWAR-26000]
Action.c(14): 错误 -26377: 找不到所请求参数“login”的匹配项。请检查响应数据中是否存在请求的边界。此外，如果要保存的数据超过 256 字节，请使用 web_set_max_html_param_len 增加参数大小  	[MsgId: MERR-26377]
Action.c(14): 错误 -26366: 找不到 web_reg_find 的“Text=Web Tours”  	[MsgId: MERR-26366]
Action.c(14): 错误 -26374: 以上“找不到”错误可由分别为 0 和 0 的标头和正文字节计数来解释。  	[MsgId: MERR-26374]
结束自动日志消息堆栈。	[MsgId: MMSG-10544]


开始自动日志消息堆栈 C 迭代 2。	[MsgId: MMSG-10545]
正在开始操作 Action。	[MsgId: MMSG-15919]
Action.c(4): 注册 web_reg_save_param_ex 成功  	[MsgId: MMSG-26390]
Action.c(11): 注册 web_reg_find 成功  	[MsgId: MMSG-26390]
Action.c(14): 错误 -27796: 连接服务器“127.0.0.1:1080”失败: “[10061] 连接被拒绝”  	[MsgId: MERR-27796]
结束自动日志消息堆栈。	[MsgId: MMSG-10544]


开始自动日志消息堆栈 C 迭代 2。	[MsgId: MMSG-10545]
Action.c(14): 警告 -26000: Empty or no response for URL="http://127.0.0.1:1080/WebTours/"  	[MsgId: MWAR-26000]
Action.c(14): 错误 -26377: 找不到所请求参数“login”的匹配项。请检查响应数据中是否存在请求的边界。此外，如果要保存的数据超过 256 字节，请使用 web_set_max_html_param_len 增加参数大小  	[MsgId: MERR-26377]
Action.c(14): 错误 -26366: 找不到 web_reg_find 的“Text=Web Tours”  	[MsgId: MERR-26366]
Action.c(14): 错误 -26374: 以上“找不到”错误可由分别为 0 和 0 的标头和正文字节计数来解释。  	[MsgId: MERR-26374]
结束自动日志消息堆栈。	[MsgId: MMSG-10544]


开始自动日志消息堆栈 C 迭代 2。	[MsgId: MMSG-10545]
正在开始操作 Action。	[MsgId: MMSG-15919]
Action.c(4): 注册 web_reg_save_param_ex 成功  	[MsgId: MMSG-26390]
Action.c(11): 注册 web_reg_find 成功  	[MsgId: MMSG-26390]
Action.c(14): 错误 -27796: 连接服务器“127.0.0.1:1080”失败: “[10061] 连接被拒绝”  	[MsgId: MERR-27796]
结束自动日志消息堆栈。	[MsgId: MMSG-10544]


开始自动日志消息堆栈 C 迭代 2。	[MsgId: MMSG-10545]
Action.c(14): 警告 -26000: Empty or no response for URL="http://127.0.0.1:1080/WebTours/"  	[MsgId: MWAR-26000]
Action.c(14): 错误 -26377: 找不到所请求参数“login”的匹配项。请检查响应数据中是否存在请求的边界。此外，如果要保存的数据超过 256 字节，请使用 web_set_max_html_param_len 增加参数大小  	[MsgId: MERR-26377]
Action.c(14): 错误 -26366: 找不到 web_reg_find 的“Text=Web Tours”  	[MsgId: MERR-26366]
Action.c(14): 错误 -26374: 以上“找不到”错误可由分别为 0 和 0 的标头和正文字节计数来解释。  	[MsgId: MERR-26374]
结束自动日志消息堆栈。	[MsgId: MMSG-10544]


开始自动日志消息堆栈 C 迭代 2。	[MsgId: MMSG-10545]
正在开始操作 Action。	[MsgId: MMSG-15919]
Action.c(4): 注册 web_reg_save_param_ex 成功  	[MsgId: MMSG-26390]
Action.c(11): 注册 web_reg_find 成功  	[MsgId: MMSG-26390]
Action.c(14): 错误 -27796: 连接服务器“127.0.0.1:1080”失败: “[10061] 连接被拒绝”  	[MsgId: MERR-27796]
结束自动日志消息堆栈。	[MsgId: MMSG-10544]


开始自动日志消息堆栈 C 迭代 2。	[MsgId: MMSG-10545]
Action.c(14): 警告 -26000: Empty or no response for URL="http://127.0.0.1:1080/WebTours/"  	[MsgId: MWAR-26000]
Action.c(14): 错误 -26377: 找不到所请求参数“login”的匹配项。请检查响应数据中是否存在请求的边界。此外，如果要保存的数据超过 256 字节，请使用 web_set_max_html_param_len 增加参数大小  	[MsgId: MERR-26377]
Action.c(14): 错误 -26366: 找不到 web_reg_find 的“Text=Web Tours”  	[MsgId: MERR-26366]
Action.c(14): 错误 -26374: 以上“找不到”错误可由分别为 0 和 0 的标头和正文字节计数来解释。  	[MsgId: MERR-26374]
结束自动日志消息堆栈。	[MsgId: MMSG-10544]


开始自动日志消息堆栈 C 迭代 2。	[MsgId: MMSG-10545]
正在开始操作 Action。	[MsgId: MMSG-15919]
Action.c(4): 注册 web_reg_save_param_ex 成功  	[MsgId: MMSG-26390]
Action.c(11): 注册 web_reg_find 成功  	[MsgId: MMSG-26390]
Action.c(14): 错误 -27796: 连接服务器“127.0.0.1:1080”失败: “[10061] 连接被拒绝”  	[MsgId: MERR-27796]
结束自动日志消息堆栈。	[MsgId: MMSG-10544]


开始自动日志消息堆栈 C 迭代 2。	[MsgId: MMSG-10545]
Action.c(14): 警告 -26000: Empty or no response for URL="http://127.0.0.1:1080/WebTours/"  	[MsgId: MWAR-26000]
Action.c(14): 错误 -26377: 找不到所请求参数“login”的匹配项。请检查响应数据中是否存在请求的边界。此外，如果要保存的数据超过 256 字节，请使用 web_set_max_html_param_len 增加参数大小  	[MsgId: MERR-26377]
Action.c(14): 错误 -26366: 找不到 web_reg_find 的“Text=Web Tours”  	[MsgId: MERR-26366]
Action.c(14): 错误 -26374: 以上“找不到”错误可由分别为 0 和 0 的标头和正文字节计数来解释。  	[MsgId: MERR-26374]
结束自动日志消息堆栈。	[MsgId: MMSG-10544]


